c:\users\brandon\dropbox\new_copy\2022_fall\gamearchitecture\classcopy\src\x64\debug\vc142.pdb
c:\users\brandon\dropbox\new_copy\2022_fall\gamearchitecture\classcopy\src\x64\debug\vc142.idb
c:\users\brandon\dropbox\new_copy\2022_fall\gamearchitecture\classcopy\src\x64\debug\wm.obj
c:\users\brandon\dropbox\new_copy\2022_fall\gamearchitecture\classcopy\src\x64\debug\tlsf.obj
c:\users\brandon\dropbox\new_copy\2022_fall\gamearchitecture\classcopy\src\x64\debug\thread.obj
c:\users\brandon\dropbox\new_copy\2022_fall\gamearchitecture\classcopy\src\x64\debug\mutex.obj
c:\users\brandon\dropbox\new_copy\2022_fall\gamearchitecture\classcopy\src\x64\debug\main.obj
c:\users\brandon\dropbox\new_copy\2022_fall\gamearchitecture\classcopy\src\x64\debug\heap.obj
c:\users\brandon\dropbox\new_copy\2022_fall\gamearchitecture\classcopy\src\x64\debug\debug.obj
c:\users\brandon\dropbox\new_copy\2022_fall\gamearchitecture\classcopy\src\x64\debug\atomic.obj
c:\users\brandon\dropbox\new_copy\2022_fall\gamearchitecture\classcopy\src\x64\debug\semaphore.obj
c:\users\brandon\dropbox\new_copy\2022_fall\gamearchitecture\classcopy\src\x64\debug\event.obj
c:\users\brandon\dropbox\new_copy\2022_fall\gamearchitecture\classcopy\src\x64\debug\queue.obj
c:\users\brandon\dropbox\new_copy\2022_fall\gamearchitecture\classcopy\src\x64\debug\lecture7.obj
c:\users\brandon\dropbox\new_copy\2022_fall\gamearchitecture\classcopy\src\x64\debug\fs.obj
c:\users\brandon\dropbox\new_copy\2022_fall\gamearchitecture\classcopy\src\x64\debug\ga2022.exe
c:\users\brandon\dropbox\new_copy\2022_fall\gamearchitecture\classcopy\src\x64\debug\ga2022.ilk
c:\users\brandon\dropbox\new_copy\2022_fall\gamearchitecture\classcopy\src\x64\debug\ga2022.pdb
c:\users\brandon\dropbox\new_copy\2022_fall\gamearchitecture\classcopy\src\x64\debug\ga2022.tlog\cl.command.1.tlog
c:\users\brandon\dropbox\new_copy\2022_fall\gamearchitecture\classcopy\src\x64\debug\ga2022.tlog\cl.read.1.tlog
c:\users\brandon\dropbox\new_copy\2022_fall\gamearchitecture\classcopy\src\x64\debug\ga2022.tlog\cl.write.1.tlog
c:\users\brandon\dropbox\new_copy\2022_fall\gamearchitecture\classcopy\src\x64\debug\ga2022.tlog\link.62232-cvtres.read.1.tlog
c:\users\brandon\dropbox\new_copy\2022_fall\gamearchitecture\classcopy\src\x64\debug\ga2022.tlog\link.62232-cvtres.write.1.tlog
c:\users\brandon\dropbox\new_copy\2022_fall\gamearchitecture\classcopy\src\x64\debug\ga2022.tlog\link.62232-rc.read.1.tlog
c:\users\brandon\dropbox\new_copy\2022_fall\gamearchitecture\classcopy\src\x64\debug\ga2022.tlog\link.62232-rc.write.1.tlog
c:\users\brandon\dropbox\new_copy\2022_fall\gamearchitecture\classcopy\src\x64\debug\ga2022.tlog\link.62232.read.1.tlog
c:\users\brandon\dropbox\new_copy\2022_fall\gamearchitecture\classcopy\src\x64\debug\ga2022.tlog\link.62232.write.1.tlog
c:\users\brandon\dropbox\new_copy\2022_fall\gamearchitecture\classcopy\src\x64\debug\ga2022.tlog\link.command.1.tlog
c:\users\brandon\dropbox\new_copy\2022_fall\gamearchitecture\classcopy\src\x64\debug\ga2022.tlog\link.read.1.tlog
c:\users\brandon\dropbox\new_copy\2022_fall\gamearchitecture\classcopy\src\x64\debug\ga2022.tlog\link.write.1.tlog
